digraph G {
  graph [rankdir="LR"];
  0 [fillcolor="green" fixedsize="true" label="EVT" shape="circle" style="filled" width="0.6"];
  1 [fillcolor="grey" fixedsize="true" label="E" shape="doublecircle" style="filled" width="0.6"];
  2 [fillcolor="white" fixedsize="true" label="EVT" shape="circle" style="filled" width="0.6"];
  3 [fillcolor="grey" fixedsize="true" label="E" shape="doublecircle" style="filled" width="0.6"];
  4 [fillcolor="white" fixedsize="true" label="EVT" shape="circle" style="filled" width="0.6"];
  5 [fillcolor="white" fixedsize="true" label="F" shape="octagon" style="filled" width="0.6"];
  6 [fillcolor="white" fixedsize="true" label="J" shape="doubleoctagon" style="filled" width="0.6"];
  7 [fillcolor="white" fixedsize="true" label="F" shape="octagon" style="filled" width="0.6"];
  8 [fillcolor="white" fixedsize="true" label="J" shape="doubleoctagon" style="filled" width="0.6"];
  9 [fillcolor="white" fixedsize="true" label="EVT" shape="circle" style="filled" width="0.6"];
  10 [fillcolor="white" fixedsize="true" label="L" shape="doublecircle" style="filled" width="0.6"];
  11 [fillcolor="white" fixedsize="true" label="EVT" shape="circle" style="filled" width="0.6"];
  12 [fillcolor="grey" fixedsize="true" label="E" shape="doublecircle" style="filled" width="0.6"];
  13 [fillcolor="grey" fixedsize="true" label="E" shape="doublecircle" style="filled" width="0.6"];
  14 [fillcolor="white" fixedsize="true" label="N" shape="circle" style="filled" width="0.6"];
  15 [fillcolor="white" fixedsize="true" label="N" shape="circle" style="filled" width="0.6"];
  16 [fillcolor="white" fixedsize="true" label="F" shape="octagon" style="filled" width="0.6"];
  17 [fillcolor="white" fixedsize="true" label="J" shape="doubleoctagon" style="filled" width="0.6"];
  18 [fillcolor="white" fixedsize="true" label="EVT" shape="circle" style="filled" width="0.6"];
  19 [fillcolor="white" fixedsize="true" label="L" shape="doublecircle" style="filled" width="0.6"];
  20 [fillcolor="white" fixedsize="true" label="EVT" shape="circle" style="filled" width="0.6"];
  21 [fillcolor="grey" fixedsize="true" label="E" shape="doublecircle" style="filled" width="0.6"];
  22 [fillcolor="white" fixedsize="true" label="F" shape="octagon" style="filled" width="0.6"];
  23 [fillcolor="white" fixedsize="true" label="J" shape="doubleoctagon" style="filled" width="0.6"];
  24 [fillcolor="white" fixedsize="true" label="F" shape="octagon" style="filled" width="0.6"];
  25 [fillcolor="white" fixedsize="true" label="J" shape="doubleoctagon" style="filled" width="0.6"];
  26 [fillcolor="white" fixedsize="true" label="EVT" shape="circle" style="filled" width="0.6"];
  27 [fillcolor="white" fixedsize="true" label="L" shape="doublecircle" style="filled" width="0.6"];
  28 [fillcolor="white" fixedsize="true" label="EVT" shape="circle" style="filled" width="0.6"];
  29 [fillcolor="grey" fixedsize="true" label="E" shape="doublecircle" style="filled" width="0.6"];
  30 [fillcolor="grey" fixedsize="true" label="E" shape="doublecircle" style="filled" width="0.6"];
  31 [fillcolor="white" fixedsize="true" label="F" shape="octagon" style="filled" width="0.6"];
  32 [fillcolor="white" fixedsize="true" label="J" shape="doubleoctagon" style="filled" width="0.6"];
  33 [fillcolor="white" fixedsize="true" label="EVT" shape="circle" style="filled" width="0.6"];
  34 [fillcolor="white" fixedsize="true" label="L" shape="doublecircle" style="filled" width="0.6"];
  35 [fillcolor="white" fixedsize="true" label="EVT" shape="circle" style="filled" width="0.6"];
  36 [fillcolor="grey" fixedsize="true" label="E" shape="doublecircle" style="filled" width="0.6"];
  37 [fillcolor="grey" fixedsize="true" label="E" shape="doublecircle" style="filled" width="0.6"];
  38 [fillcolor="white" fixedsize="true" label="F" shape="octagon" style="filled" width="0.6"];
  39 [fillcolor="white" fixedsize="true" label="J" shape="doubleoctagon" style="filled" width="0.6"];
  40 [fillcolor="white" fixedsize="true" label="EVT" shape="circle" style="filled" width="0.6"];
  41 [fillcolor="white" fixedsize="true" label="L" shape="doublecircle" style="filled" width="0.6"];
  42 [fillcolor="white" fixedsize="true" label="EVT" shape="circle" style="filled" width="0.6"];
  43 [fillcolor="grey" fixedsize="true" label="E" shape="doublecircle" style="filled" width="0.6"];
  44 [fillcolor="grey" fixedsize="true" label="E" shape="doublecircle" style="filled" width="0.6"];
  5 -> 6 [label="(wait)"];
  7 -> 8 [label="(wait)"];
  9 -> 10 [label="start(Sort)"];
  10 -> 11 [label="ended"];
  11 -> 12 [label="end(Sort)"];
  7 -> 9 [label="(forked)"];
  12 -> 8 [label="(notify)"];
  5 -> 7 [label="(forked#0)"];
  8 -> 13 [label="(joined)"];
  13 -> 6 [label="(notify)"];
  16 -> 17 [label="(wait)"];
  18 -> 19 [label="start(Hello)"];
  19 -> 20 [label="ended"];
  20 -> 21 [label="end(Hello)"];
  16 -> 18 [label="(forked)"];
  21 -> 17 [label="(notify)"];
  14 -> 16 [label=""];
  22 -> 23 [label="(wait)"];
  24 -> 25 [label="(wait)"];
  26 -> 27 [label="start(Ping)"];
  27 -> 28 [label="ended"];
  28 -> 29 [label="end(Ping)"];
  24 -> 26 [label="(forked)"];
  29 -> 25 [label="(notify)"];
  22 -> 24 [label="(forked#0)"];
  25 -> 30 [label="(joined)"];
  30 -> 23 [label="(notify)"];
  31 -> 32 [label="(wait)"];
  33 -> 34 [label="start(Pong)"];
  34 -> 35 [label="ended"];
  35 -> 36 [label="end(Pong)"];
  31 -> 33 [label="(forked)"];
  36 -> 32 [label="(notify)"];
  22 -> 31 [label="(forked#1)"];
  32 -> 37 [label="(joined)"];
  37 -> 23 [label="(notify)"];
  17 -> 22 [label=""];
  38 -> 39 [label="(wait)"];
  40 -> 41 [label="start(Goodbye)"];
  41 -> 42 [label="ended"];
  42 -> 43 [label="end(Goodbye)"];
  38 -> 40 [label="(forked)"];
  43 -> 39 [label="(notify)"];
  23 -> 38 [label=""];
  39 -> 15 [label=""];
  5 -> 14 [label="(forked#1)"];
  15 -> 44 [label="(joined)"];
  44 -> 6 [label="(notify)"];
  2 -> 5 [label="start(Main)"];
  6 -> 4 [label=""];
  4 -> 3 [label="end(Main)"];
  0 -> 2 [label="Main"];
  3 -> 1 [label=""];
}
