main: then :s0
s0:   push {:Main=>:s2}
      then :listen
s1:   then :notify
s2:   then :s5
      then :e48
e48:  push ["Main"]
      event :start
s3:   then :notify
s4:   then :s3
      then :e50
e50:  push ["Main"]
      event :end
s5:   push :s6
      push [:s7, :s14]
      then :fork
s6:   push {:wake=>:s4}
      then :join
s7:   push :s8
      push [:s9]
      then :fork
s8:   push {:wake=>:s13}
      then :join
s9:   then :s10
      then :e2
e2:   push ["Sort"]
      event :start
s10:  push {:ended=>:s11}
      then :listen
s11:  then :s12
      then :e4
e4:   push ["Sort"]
      event :end
s12:  then :notify
s13:  then :notify
s14:  then :s16
s15:  then :s44
s16:  push :s17
      push [:s18]
      then :fork
s17:  push {:wake=>:s22}
      then :join
s18:  then :s19
      then :e11
e11:  push ["Hello"]
      event :start
s19:  push {:ended=>:s20}
      then :listen
s20:  then :s21
      then :e13
e13:  push ["Hello"]
      event :end
s21:  then :notify
s22:  push :s23
      push [:s24, :s31]
      then :fork
s23:  push {:wake=>:s38}
      then :join
s24:  push :s25
      push [:s26]
      then :fork
s25:  push {:wake=>:s30}
      then :join
s26:  then :s27
      then :e19
e19:  push ["Ping"]
      event :start
s27:  push {:ended=>:s28}
      then :listen
s28:  then :s29
      then :e21
e21:  push ["Ping"]
      event :end
s29:  then :notify
s30:  then :notify
s31:  push :s32
      push [:s33]
      then :fork
s32:  push {:wake=>:s37}
      then :join
s33:  then :s34
      then :e28
e28:  push ["Pong"]
      event :start
s34:  push {:ended=>:s35}
      then :listen
s35:  then :s36
      then :e30
e30:  push ["Pong"]
      event :end
s36:  then :notify
s37:  then :notify
s38:  push :s39
      push [:s40]
      then :fork
s39:  push {:wake=>:s15}
      then :join
s40:  then :s41
      then :e38
e38:  push ["Goodbye"]
      event :start
s41:  push {:ended=>:s42}
      then :listen
s42:  then :s43
      then :e40
e40:  push ["Goodbye"]
      event :end
s43:  then :notify
s44:  then :notify
